<?xml version="1.0" encoding="UTF-8"?>
<testng-results ignored="0" total="0" passed="0" failed="0" skipped="0">
  <reporter-output>
  </reporter-output>
  <suite started-at="2023-10-18T21:43:38 CST" name="com.zhou.OSSTest" finished-at="2023-10-18T21:43:38 CST" duration-ms="14">
    <groups>
    </groups>
    <test started-at="2023-10-18T21:43:38 CST" name="Command line test" finished-at="2023-10-18T21:43:38 CST" duration-ms="14">
    </test> <!-- Command line test -->
  </suite> <!-- com.zhou.OSSTest -->
</testng-results>
